<?xml version="1.0" encoding="UTF-8"?>
<testng-results ignored="0" total="1" passed="1" failed="0" skipped="0">
  <reporter-output>
  </reporter-output>
  <suite started-at="2022-08-20T11:52:25 IST" name="Default suite" finished-at="2022-08-20T11:54:17 IST" duration-ms="112279">
    <groups>
    </groups>
    <test started-at="2022-08-20T11:52:25 IST" name="Default test" finished-at="2022-08-20T11:54:17 IST" duration-ms="112279">
      <class name="com.edureka.EdurekaTest">
        <test-method signature="EdurekaProfile()[pri:0, instance:com.edureka.EdurekaTest@58cbafc2]" started-at="2022-08-20T11:52:25 IST" name="EdurekaProfile" finished-at="2022-08-20T11:54:17 IST" duration-ms="112208" status="PASS">
          <reporter-output>
          </reporter-output>
        </test-method> <!-- EdurekaProfile -->
      </class> <!-- com.edureka.EdurekaTest -->
    </test> <!-- Default test -->
  </suite> <!-- Default suite -->
</testng-results>
